\BOOKMARK [0][-]{chapter.1}{\376\377\0001\000\040\000C\000l\000a\000s\000s\000\040\000I\000n\000d\000e\000x}{}% 1
\BOOKMARK [1][-]{section.1.1}{\376\377\0001\000.\0001\000\040\000C\000l\000a\000s\000s\000\040\000L\000i\000s\000t}{chapter.1}% 2
\BOOKMARK [0][-]{chapter.2}{\376\377\0002\000\040\000F\000i\000l\000e\000\040\000I\000n\000d\000e\000x}{}% 3
\BOOKMARK [1][-]{section.2.1}{\376\377\0002\000.\0001\000\040\000F\000i\000l\000e\000\040\000L\000i\000s\000t}{chapter.2}% 4
\BOOKMARK [0][-]{chapter.3}{\376\377\0003\000\040\000C\000l\000a\000s\000s\000\040\000D\000o\000c\000u\000m\000e\000n\000t\000a\000t\000i\000o\000n}{}% 5
\BOOKMARK [1][-]{section.3.1}{\376\377\0003\000.\0001\000\040\000I\000n\000d\000e\000x\000\040\000S\000t\000r\000u\000c\000t\000\040\000R\000e\000f\000e\000r\000e\000n\000c\000e}{chapter.3}% 6
\BOOKMARK [2][-]{subsection.3.1.1}{\376\377\0003\000.\0001\000.\0001\000\040\000D\000e\000t\000a\000i\000l\000e\000d\000\040\000D\000e\000s\000c\000r\000i\000p\000t\000i\000o\000n}{section.3.1}% 7
\BOOKMARK [2][-]{subsection.3.1.2}{\376\377\0003\000.\0001\000.\0002\000\040\000M\000e\000m\000b\000e\000r\000\040\000D\000a\000t\000a\000\040\000D\000o\000c\000u\000m\000e\000n\000t\000a\000t\000i\000o\000n}{section.3.1}% 8
\BOOKMARK [3][-]{subsubsection.3.1.2.1}{\376\377\0003\000.\0001\000.\0002\000.\0001\000\040\000i\000n\000d\000e\000x\000\137\000e\000n\000t\000r\000y}{subsection.3.1.2}% 9
\BOOKMARK [3][-]{subsubsection.3.1.2.2}{\376\377\0003\000.\0001\000.\0002\000.\0002\000\040\000i\000n\000d\000e\000x\000\137\000v\000e\000r\000s\000e}{subsection.3.1.2}% 10
\BOOKMARK [3][-]{subsubsection.3.1.2.3}{\376\377\0003\000.\0001\000.\0002\000.\0003\000\040\000n\000e\000x\000t}{subsection.3.1.2}% 11
\BOOKMARK [1][-]{section.3.2}{\376\377\0003\000.\0002\000\040\000R\000e\000c\000o\000r\000d\000\040\000S\000t\000r\000u\000c\000t\000\040\000R\000e\000f\000e\000r\000e\000n\000c\000e}{chapter.3}% 12
\BOOKMARK [2][-]{subsection.3.2.1}{\376\377\0003\000.\0002\000.\0001\000\040\000D\000e\000t\000a\000i\000l\000e\000d\000\040\000D\000e\000s\000c\000r\000i\000p\000t\000i\000o\000n}{section.3.2}% 13
\BOOKMARK [2][-]{subsection.3.2.2}{\376\377\0003\000.\0002\000.\0002\000\040\000M\000e\000m\000b\000e\000r\000\040\000D\000a\000t\000a\000\040\000D\000o\000c\000u\000m\000e\000n\000t\000a\000t\000i\000o\000n}{section.3.2}% 14
\BOOKMARK [3][-]{subsubsection.3.2.2.1}{\376\377\0003\000.\0002\000.\0002\000.\0001\000\040\000i\000n\000d\000e\000x}{subsection.3.2.2}% 15
\BOOKMARK [3][-]{subsubsection.3.2.2.2}{\376\377\0003\000.\0002\000.\0002\000.\0002\000\040\000i\000n\000d\000e\000x\000\137\000n\000a\000m\000e}{subsection.3.2.2}% 16
\BOOKMARK [3][-]{subsubsection.3.2.2.3}{\376\377\0003\000.\0002\000.\0002\000.\0003\000\040\000n\000e\000x\000t}{subsection.3.2.2}% 17
\BOOKMARK [0][-]{chapter.4}{\376\377\0004\000\040\000F\000i\000l\000e\000\040\000D\000o\000c\000u\000m\000e\000n\000t\000a\000t\000i\000o\000n}{}% 18
\BOOKMARK [1][-]{section.4.1}{\376\377\0004\000.\0001\000\040\000d\000e\000b\000u\000g\000.\000h\000\040\000F\000i\000l\000e\000\040\000R\000e\000f\000e\000r\000e\000n\000c\000e}{chapter.4}% 19
\BOOKMARK [2][-]{subsection.4.1.1}{\376\377\0004\000.\0001\000.\0001\000\040\000M\000a\000c\000r\000o\000\040\000D\000e\000f\000i\000n\000i\000t\000i\000o\000n\000\040\000D\000o\000c\000u\000m\000e\000n\000t\000a\000t\000i\000o\000n}{section.4.1}% 20
\BOOKMARK [3][-]{subsubsection.4.1.1.1}{\376\377\0004\000.\0001\000.\0001\000.\0001\000\040\000\137\000C\000R\000T\000D\000B\000G\000\137\000M\000A\000P\000\137\000A\000L\000L\000O\000C}{subsection.4.1.1}% 21
\BOOKMARK [3][-]{subsubsection.4.1.1.2}{\376\377\0004\000.\0001\000.\0001\000.\0002\000\040\000D\000B\000G\000\137\000N\000E\000W}{subsection.4.1.1}% 22
\BOOKMARK [1][-]{section.4.2}{\376\377\0004\000.\0002\000\040\000f\000u\000n\000c\000t\000i\000o\000n\000s\000.\000c\000p\000p\000\040\000F\000i\000l\000e\000\040\000R\000e\000f\000e\000r\000e\000n\000c\000e}{chapter.4}% 23
\BOOKMARK [2][-]{subsection.4.2.1}{\376\377\0004\000.\0002\000.\0001\000\040\000F\000u\000n\000c\000t\000i\000o\000n\000\040\000D\000o\000c\000u\000m\000e\000n\000t\000a\000t\000i\000o\000n}{section.4.2}% 24
\BOOKMARK [3][-]{subsubsection.4.2.1.1}{\376\377\0004\000.\0002\000.\0001\000.\0001\000\040\000a\000d\000d\000I\000n\000d\000e\000x\000\050\000\051}{subsection.4.2.1}% 25
\BOOKMARK [3][-]{subsubsection.4.2.1.2}{\376\377\0004\000.\0002\000.\0001\000.\0002\000\040\000a\000d\000d\000R\000e\000c\000o\000r\000d\000\050\000\051}{subsection.4.2.1}% 26
\BOOKMARK [3][-]{subsubsection.4.2.1.3}{\376\377\0004\000.\0002\000.\0001\000.\0003\000\040\000c\000l\000e\000a\000n\000\137\000m\000e\000m\000o\000r\000y\000\050\000\051}{subsection.4.2.1}% 27
\BOOKMARK [3][-]{subsubsection.4.2.1.4}{\376\377\0004\000.\0002\000.\0001\000.\0004\000\040\000c\000l\000e\000a\000r\000\137\000r\000e\000c\000o\000r\000d\000\050\000\051}{subsection.4.2.1}% 28
\BOOKMARK [3][-]{subsubsection.4.2.1.5}{\376\377\0004\000.\0002\000.\0001\000.\0005\000\040\000c\000u\000t\000\050\000\051}{subsection.4.2.1}% 29
\BOOKMARK [3][-]{subsubsection.4.2.1.6}{\376\377\0004\000.\0002\000.\0001\000.\0006\000\040\000e\000n\000t\000r\000i\000e\000s\000\050\000\051}{subsection.4.2.1}% 30
\BOOKMARK [3][-]{subsubsection.4.2.1.7}{\376\377\0004\000.\0002\000.\0001\000.\0007\000\040\000p\000r\000i\000n\000t\000\137\000t\000o\000\137\000f\000i\000l\000e\000\050\000\051}{subsection.4.2.1}% 31
\BOOKMARK [3][-]{subsubsection.4.2.1.8}{\376\377\0004\000.\0002\000.\0001\000.\0008\000\040\000r\000e\000a\000d\000\137\000f\000i\000l\000e\000\050\000\051}{subsection.4.2.1}% 32
\BOOKMARK [3][-]{subsubsection.4.2.1.9}{\376\377\0004\000.\0002\000.\0001\000.\0009\000\040\000s\000e\000a\000r\000c\000h\000\050\000\051}{subsection.4.2.1}% 33
\BOOKMARK [3][-]{subsubsection.4.2.1.10}{\376\377\0004\000.\0002\000.\0001\000.\0001\0000\000\040\000t\000a\000b\000l\000e\000\050\000\051}{subsection.4.2.1}% 34
\BOOKMARK [1][-]{section.4.3}{\376\377\0004\000.\0003\000\040\000h\000e\000a\000d\000e\000r\000.\000h\000\040\000F\000i\000l\000e\000\040\000R\000e\000f\000e\000r\000e\000n\000c\000e}{chapter.4}% 35
\BOOKMARK [2][-]{subsection.4.3.1}{\376\377\0004\000.\0003\000.\0001\000\040\000F\000u\000n\000c\000t\000i\000o\000n\000\040\000D\000o\000c\000u\000m\000e\000n\000t\000a\000t\000i\000o\000n}{section.4.3}% 36
\BOOKMARK [3][-]{subsubsection.4.3.1.1}{\376\377\0004\000.\0003\000.\0001\000.\0001\000\040\000a\000d\000d\000I\000n\000d\000e\000x\000\050\000\051}{subsection.4.3.1}% 37
\BOOKMARK [3][-]{subsubsection.4.3.1.2}{\376\377\0004\000.\0003\000.\0001\000.\0002\000\040\000a\000d\000d\000R\000e\000c\000o\000r\000d\000\050\000\051}{subsection.4.3.1}% 38
\BOOKMARK [3][-]{subsubsection.4.3.1.3}{\376\377\0004\000.\0003\000.\0001\000.\0003\000\040\000c\000l\000e\000a\000n\000\137\000m\000e\000m\000o\000r\000y\000\050\000\051}{subsection.4.3.1}% 39
\BOOKMARK [3][-]{subsubsection.4.3.1.4}{\376\377\0004\000.\0003\000.\0001\000.\0004\000\040\000c\000u\000t\000\050\000\051}{subsection.4.3.1}% 40
\BOOKMARK [3][-]{subsubsection.4.3.1.5}{\376\377\0004\000.\0003\000.\0001\000.\0005\000\040\000e\000n\000t\000r\000i\000e\000s\000\050\000\051}{subsection.4.3.1}% 41
\BOOKMARK [3][-]{subsubsection.4.3.1.6}{\376\377\0004\000.\0003\000.\0001\000.\0006\000\040\000p\000r\000i\000n\000t\000\137\000t\000o\000\137\000f\000i\000l\000e\000\050\000\051}{subsection.4.3.1}% 42
\BOOKMARK [3][-]{subsubsection.4.3.1.7}{\376\377\0004\000.\0003\000.\0001\000.\0007\000\040\000r\000e\000a\000d\000\137\000f\000i\000l\000e\000\050\000\051}{subsection.4.3.1}% 43
\BOOKMARK [3][-]{subsubsection.4.3.1.8}{\376\377\0004\000.\0003\000.\0001\000.\0008\000\040\000s\000e\000a\000r\000c\000h\000\050\000\051}{subsection.4.3.1}% 44
\BOOKMARK [3][-]{subsubsection.4.3.1.9}{\376\377\0004\000.\0003\000.\0001\000.\0009\000\040\000t\000a\000b\000l\000e\000\050\000\051}{subsection.4.3.1}% 45
\BOOKMARK [1][-]{section.4.4}{\376\377\0004\000.\0004\000\040\000i\000n\000d\000i\000c\000e\000s\000.\000c\000p\000p\000\040\000F\000i\000l\000e\000\040\000R\000e\000f\000e\000r\000e\000n\000c\000e}{chapter.4}% 46
\BOOKMARK [2][-]{subsection.4.4.1}{\376\377\0004\000.\0004\000.\0001\000\040\000F\000u\000n\000c\000t\000i\000o\000n\000\040\000D\000o\000c\000u\000m\000e\000n\000t\000a\000t\000i\000o\000n}{section.4.4}% 47
\BOOKMARK [3][-]{subsubsection.4.4.1.1}{\376\377\0004\000.\0004\000.\0001\000.\0001\000\040\000m\000a\000i\000n\000\050\000\051}{subsection.4.4.1}% 48
\BOOKMARK [0][-]{section*.8}{\376\377\000I\000n\000d\000e\000x}{}% 49
